0 info it worked if it ends with ok
1 verbose cli [ 'C:\\Program Files\\nodejs\\node.exe',
1 verbose cli   'C:\\Program Files\\nodejs\\node_modules\\npm\\bin\\npm-cli.js',
1 verbose cli   'run',
1 verbose cli   'dev' ]
2 info using npm@3.10.10
3 info using node@v6.11.3
4 verbose run-script [ 'predev', 'dev', 'postdev' ]
5 info lifecycle APIProyecto@1.0.0~predev: APIProyecto@1.0.0
6 silly lifecycle APIProyecto@1.0.0~predev: no script for predev, continuing
7 info lifecycle APIProyecto@1.0.0~dev: APIProyecto@1.0.0
8 verbose lifecycle APIProyecto@1.0.0~dev: unsafe-perm in lifecycle true
9 verbose lifecycle APIProyecto@1.0.0~dev: PATH: C:\Program Files\nodejs\node_modules\npm\bin\node-gyp-bin;C:\Users\nadia\Documents\APIProyecto\node_modules\.bin;C:\Python38\Scripts\;C:\Python38\;C:\Program Files\Microsoft MPI\Bin\;C:\Program Files (x86)\Common Files\Oracle\Java\javapath;C:\Windows\system32;C:\Windows;C:\Windows\System32\Wbem;C:\Windows\System32\WindowsPowerShell\v1.0\;C:\Windows\System32\OpenSSH\;C:\LINGO64_17\;C:\Program Files\dotnet\;C:\Program Files\Microsoft SQL Server\Client SDK\ODBC\130\Tools\Binn\;C:\Program Files\Git\cmd;C:\Users\nadia\AppData\Local\Microsoft\WindowsApps;C:\Users\nadia\AppData\Local\Programs\Microsoft VS Code\bin;C:\Users\nadia\AppData\Local\GitHubDesktop\bin;C:\adb;C:\Program Files\Microsoft SQL Server\Client SDK\ODBC\170\Tools\Binn\;C:\Program Files (x86)\Microsoft SQL Server\140\Tools\Binn\;C:\Program Files\Microsoft SQL Server\140\Tools\Binn\;C:\Program Files (x86)\Microsoft SQL Server\140\DTS\Binn\;C:\Program Files\Microsoft SQL Server\140\DTS\Binn\;C:\Program Files (x86)\Microsoft SQL Server\150\DTS\Binn\;C:\ProgramData\chocolatey\bin;C:\Program Files\nodejs\;C:\WINDOWS\system32;C:\WINDOWS;C:\WINDOWS\System32\Wbem;C:\WINDOWS\System32\WindowsPowerShell\v1.0\;C:\WINDOWS\System32\OpenSSH\;C:\Users\nadia\AppData\Local\Microsoft\WindowsApps;C:\Users\nadia\AppData\Local\Programs\Microsoft VS Code\bin;C:\Users\nadia\AppData\Local\GitHubDesktop\bin;C:\Users\nadia\AppData\Roaming\npm;%USERPROFILE%\AppData\Local\Microsoft\WindowsApps;
10 verbose lifecycle APIProyecto@1.0.0~dev: CWD: C:\Users\nadia\Documents\APIProyecto
11 silly lifecycle APIProyecto@1.0.0~dev: Args: [ '/d /s /c', 'node src/index.js' ]
12 silly lifecycle APIProyecto@1.0.0~dev: Returned: code: 1  signal: null
13 info lifecycle APIProyecto@1.0.0~dev: Failed to exec dev script
14 verbose stack Error: APIProyecto@1.0.0 dev: `node src/index.js`
14 verbose stack Exit status 1
14 verbose stack     at EventEmitter.<anonymous> (C:\Program Files\nodejs\node_modules\npm\lib\utils\lifecycle.js:255:16)
14 verbose stack     at emitTwo (events.js:106:13)
14 verbose stack     at EventEmitter.emit (events.js:191:7)
14 verbose stack     at ChildProcess.<anonymous> (C:\Program Files\nodejs\node_modules\npm\lib\utils\spawn.js:40:14)
14 verbose stack     at emitTwo (events.js:106:13)
14 verbose stack     at ChildProcess.emit (events.js:191:7)
14 verbose stack     at maybeClose (internal/child_process.js:920:16)
14 verbose stack     at Process.ChildProcess._handle.onexit (internal/child_process.js:230:5)
15 verbose pkgid APIProyecto@1.0.0
16 verbose cwd C:\Users\nadia\Documents\APIProyecto
17 error Windows_NT 10.0.19041
18 error argv "C:\\Program Files\\nodejs\\node.exe" "C:\\Program Files\\nodejs\\node_modules\\npm\\bin\\npm-cli.js" "run" "dev"
19 error node v6.11.3
20 error npm  v3.10.10
21 error code ELIFECYCLE
22 error APIProyecto@1.0.0 dev: `node src/index.js`
22 error Exit status 1
23 error Failed at the APIProyecto@1.0.0 dev script 'node src/index.js'.
23 error Make sure you have the latest version of node.js and npm installed.
23 error If you do, this is most likely a problem with the APIProyecto package,
23 error not with npm itself.
23 error Tell the author that this fails on your system:
23 error     node src/index.js
23 error You can get information on how to open an issue for this project with:
23 error     npm bugs APIProyecto
23 error Or if that isn't available, you can get their info via:
23 error     npm owner ls APIProyecto
23 error There is likely additional logging output above.
24 verbose exit [ 1, true ]
